Started by user [8mha:////4Nido/I+OSGwDbO9IaSOHVbh9MX9qhdnPZBPXeZGQ4y4AAAAlx+LCAAAAAAAAP9b85aBtbiIQTGjNKU4P08vOT+vOD8nVc83PyU1x6OyILUoJzMv2y+/JJUBAhiZGBgqihhk0NSjKDWzXb3RdlLBUSYGJk8GtpzUvPSSDB8G5tKinBIGIZ+sxLJE/ZzEvHT94JKizLx0a6BxUmjGOUNodHsLgAzWEgZu/dLi1CL9xJTczDwAj6GcLcAAAAA=[0madmin
[Sun Aug 09 18:24:23 UTC 2020] Starting branch indexing...
[8mha:////4BCWMqbYnYla4jZRVD1dcmkf3SPpdNkXeuUOqzUzLxEyAAAAhB+LCAAAAAAAAP9b85aBtbiIwSa/KF0vKzUvOzOvODlTryCnNB3I0kvPLMkoTYpPKkrMS86IL84vLUpO1XPPLPEoTXLOzyvOz0n1yy9JZYAARiYGRi8GzpLM3NTiksTcgooiBqmM0pTi/Dy9ZIhiPayaGCoKgHTxlfL86wCU2QOdjgAAAA==[0mConnecting to https://api.github.com using admin/****** (GitHub Access Token)
Examining [8mha:////4CwqdAJetnCEzLXPrY6VcdCdqRkzvALDp019qP2+7K0BAAAAph+LCAAAAAAAAP9b85aBtbiIQSajNKU4P08vOT+vOD8nVc+jsiC1KCczL9svvyTVzHb1RttJBUeZGJg8GdhyUvPSSzJ8GJhLi3JKGIR8shLLEvVzEvPS9YNLijLz0q0rihik0IxzhtAgwxgggJGJgaGiAMgQKWFQzygpKSi20tdPzyzJKE0C6srVz8gvLS5OzdVN10/JApqdH59YkAkAlVgjE6wAAAA=[0mhoussem-g/django_api

  Checking branches...

  Getting remote branches...

    Checking branch [8mha:////4AdoYNG1WOUlbTcKW2gXfogYTuCJZEcdWW29ZjNZ4ujdAAAAsR+LCAAAAAAAAP9dzLENwjAQBdAjiAxAiViBXIFEAUpFA1JEwwDIwMl2cGzLPqOwBmtAwxCMww4EpeM3/zf/PT8wigGmKp2js8XJ2egMFZubp2C0vewc06J8vMq7f2eQbSE3ZCWrCoYpGIZxVYurQCOsxD0HbeWqDTD549Z9/zDoM8gAWt+NnGGumH1cIkrNKh27V4PKpRipmUk8153tDsJr5ECEjYhM4QsPrEfeuAAAAA==[0mmaster
      ‘Jenkinsfile’ not found
    Does not meet criteria

    Checking branch [8mha:////4AsOPbaHVoDwmBsMA97s55uOzSbgLBaLQHL2GjI27c0lAAAArx+LCAAAAAAAAP9b85aBtbiIQSajNKU4P08vOT+vOD8nVc+jsiC1KCczL9svvyTVzHb1RttJBUeZGJg8GdhyUvPSSzJ8GJhLi3JKGIR8shLLEvVzEvPS9YNLijLz0q0rihik0IxzhtAgwxgggJGJgaGiAMhgLmEwyCgpKSi20tdPzyzJKE0C6srVz8gvLS5OzdVN10/JApqdH59YkKlfUpSaqp+SWgYAWHpK5LUAAAA=[0mdev
      ‘Jenkinsfile’ found
    Met criteria
Scheduled build for branch: dev

  2 branches were processed

  Checking pull-requests...

  Getting remote pull requests...

  0 pull requests were processed

Finished examining houssem-g/django_api

[Sun Aug 09 18:24:28 UTC 2020] Finished branch indexing. Indexing took 4.8 sec
Finished: SUCCESS
